2026-05-26T00:43:33.529+05:30  WARN 32720 --- [ordermanagement] [HikariPool-11:housekeeper] com.zaxxer.hikari.pool.HikariPool        : HikariPool-11 - Thread starvation or clock leap detected (housekeeper delta=6h16m14s262ms133µs).
2026-05-26T10:01:19.403+05:30  WARN 32720 --- [ordermanagement] [HikariPool-11:housekeeper] com.zaxxer.hikari.pool.HikariPool        : HikariPool-11 - Thread starvation or clock leap detected (housekeeper delta=9h17m50s373ms108µs400ns).
2026-05-26T10:29:39.302+05:30  INFO 32720 --- [ordermanagement] [File Watcher] rtingClassPathChangeChangedEventListener : Restarting due to 69 class path changes (0 additions, 68 deletions, 1 modification)
2026-05-26T10:29:39.379+05:30  INFO 32720 --- [ordermanagement] [Thread-43] o.s.b.w.e.tomcat.GracefulShutdown        : Commencing graceful shutdown. Waiting for active requests to complete
2026-05-26T10:29:39.409+05:30  INFO 32720 --- [ordermanagement] [tomcat-shutdown] o.s.b.w.e.tomcat.GracefulShutdown        : Graceful shutdown complete
2026-05-26T10:29:39.439+05:30  INFO 32720 --- [ordermanagement] [Thread-43] j.LocalContainerEntityManagerFactoryBean : Closing JPA EntityManagerFactory for persistence unit 'default'
2026-05-26T10:29:39.487+05:30  INFO 32720 --- [ordermanagement] [Thread-43] com.zaxxer.hikari.HikariDataSource       : HikariPool-11 - Shutdown initiated...
2026-05-26T10:29:39.518+05:30  INFO 32720 --- [ordermanagement] [Thread-43] com.zaxxer.hikari.HikariDataSource       : HikariPool-11 - Shutdown completed.
2026-05-26T10:29:40.267+05:30  INFO 32720 --- [ordermanagement] [restartedMain] c.e.o.OrdermanagementApplication         : Starting OrdermanagementApplication using Java 21.0.9 with PID 32720 (C:\disk to store work\ASSESSMENT\ordermanagement\target\classes started by adity in C:\disk to store work\ASSESSMENT\ordermanagement)
2026-05-26T10:29:40.268+05:30  INFO 32720 --- [ordermanagement] [restartedMain] c.e.o.OrdermanagementApplication         : No active profile set, falling back to 1 default profile: "default"
2026-05-26T10:29:41.067+05:30  INFO 32720 --- [ordermanagement] [restartedMain] .s.d.r.c.RepositoryConfigurationDelegate : Bootstrapping Spring Data JPA repositories in DEFAULT mode.
2026-05-26T10:29:41.074+05:30  INFO 32720 --- [ordermanagement] [restartedMain] .s.d.r.c.RepositoryConfigurationDelegate : Finished Spring Data repository scanning in 3 ms. Found 0 JPA repository interfaces.
2026-05-26T10:29:41.487+05:30  INFO 32720 --- [ordermanagement] [restartedMain] o.s.b.w.embedded.tomcat.TomcatWebServer  : Tomcat initialized with port 8008 (http)
2026-05-26T10:29:41.494+05:30  INFO 32720 --- [ordermanagement] [restartedMain] o.apache.catalina.core.StandardService   : Starting service [Tomcat]
2026-05-26T10:29:41.495+05:30  INFO 32720 --- [ordermanagement] [restartedMain] o.apache.catalina.core.StandardEngine    : Starting Servlet engine: [Apache Tomcat/10.1.54]
2026-05-26T10:29:41.555+05:30  INFO 32720 --- [ordermanagement] [restartedMain] o.a.c.c.C.[Tomcat].[localhost].[/]       : Initializing Spring embedded WebApplicationContext
2026-05-26T10:29:41.557+05:30  INFO 32720 --- [ordermanagement] [restartedMain] w.s.c.ServletWebServerApplicationContext : Root WebApplicationContext: initialization completed in 1277 ms
2026-05-26T10:29:42.192+05:30  INFO 32720 --- [ordermanagement] [restartedMain] o.hibernate.jpa.internal.util.LogHelper  : HHH000204: Processing PersistenceUnitInfo [name: default]
2026-05-26T10:29:42.228+05:30  INFO 32720 --- [ordermanagement] [restartedMain] o.h.c.internal.RegionFactoryInitiator    : HHH000026: Second-level cache disabled
2026-05-26T10:29:42.557+05:30  INFO 32720 --- [ordermanagement] [restartedMain] o.s.o.j.p.SpringPersistenceUnitInfo      : No LoadTimeWeaver setup: ignoring JPA class transformer
2026-05-26T10:29:42.596+05:30  INFO 32720 --- [ordermanagement] [restartedMain] com.zaxxer.hikari.HikariDataSource       : HikariPool-12 - Starting...
2026-05-26T10:29:42.694+05:30  INFO 32720 --- [ordermanagement] [restartedMain] com.zaxxer.hikari.pool.HikariPool        : HikariPool-12 - Added connection org.postgresql.jdbc.PgConnection@4fe7c74e
2026-05-26T10:29:42.696+05:30  INFO 32720 --- [ordermanagement] [restartedMain] com.zaxxer.hikari.HikariDataSource       : HikariPool-12 - Start completed.
2026-05-26T10:29:42.737+05:30  WARN 32720 --- [ordermanagement] [restartedMain] org.hibernate.orm.deprecation            : HHH90000025: PostgreSQLDialect does not need to be specified explicitly using 'hibernate.dialect' (remove the property setting and it will be selected by default)
2026-05-26T10:29:42.741+05:30  INFO 32720 --- [ordermanagement] [restartedMain] org.hibernate.orm.connections.pooling    : HHH10001005: Database info:
	Database JDBC URL [Connecting through datasource 'HikariDataSource (HikariPool-12)']
	Database driver: undefined/unknown
	Database version: 17.7
	Autocommit mode: undefined/unknown
	Isolation level: undefined/unknown
	Minimum pool size: undefined/unknown
	Maximum pool size: undefined/unknown
2026-05-26T10:29:43.104+05:30  INFO 32720 --- [ordermanagement] [restartedMain] o.h.e.t.j.p.i.JtaPlatformInitiator       : HHH000489: No JTA platform available (set 'hibernate.transaction.jta.platform' to enable JTA platform integration)
2026-05-26T10:29:43.105+05:30  INFO 32720 --- [ordermanagement] [restartedMain] j.LocalContainerEntityManagerFactoryBean : Initialized JPA EntityManagerFactory for persistence unit 'default'
2026-05-26T10:29:43.635+05:30  WARN 32720 --- [ordermanagement] [restartedMain] JpaBaseConfiguration$JpaWebConfiguration : spring.jpa.open-in-view is enabled by default. Therefore, database queries may be performed during view rendering. Explicitly configure spring.jpa.open-in-view to disable this warning
2026-05-26T10:29:44.699+05:30  WARN 32720 --- [ordermanagement] [restartedMain] .s.s.UserDetailsServiceAutoConfiguration : 

Using generated security password: eecf4a25-6c3f-4de0-8e12-70aa86d2dc05

This generated password is for development use only. Your security configuration must be updated before running your application in production.

2026-05-26T10:29:44.703+05:30  INFO 32720 --- [ordermanagement] [restartedMain] r$InitializeUserDetailsManagerConfigurer : Global AuthenticationManager configured with UserDetailsService bean with name inMemoryUserDetailsManager
2026-05-26T10:29:44.799+05:30  INFO 32720 --- [ordermanagement] [restartedMain] o.s.b.d.a.OptionalLiveReloadServer       : LiveReload server is running on port 35729
2026-05-26T10:29:44.843+05:30  INFO 32720 --- [ordermanagement] [restartedMain] o.s.b.w.embedded.tomcat.TomcatWebServer  : Tomcat started on port 8008 (http) with context path '/'
2026-05-26T10:29:44.858+05:30  INFO 32720 --- [ordermanagement] [restartedMain] c.e.o.OrdermanagementApplication         : Started OrdermanagementApplication in 4.748 seconds (process running for 432319.603)
2026-05-26T10:29:44.862+05:30  WARN 32720 --- [ordermanagement] [restartedMain] o.s.core.events.SpringDocAppInitializer  : SpringDoc /v3/api-docs endpoint is enabled by default. To disable it in production, set the property 'springdoc.api-docs.enabled=false'
2026-05-26T10:29:44.862+05:30  WARN 32720 --- [ordermanagement] [restartedMain] o.s.core.events.SpringDocAppInitializer  : SpringDoc /swagger-ui.html endpoint is enabled by default. To disable it in production, set the property 'springdoc.swagger-ui.enabled=false'
2026-05-26T10:29:44.863+05:30  INFO 32720 --- [ordermanagement] [restartedMain] .ConditionEvaluationDeltaLoggingListener : Condition evaluation delta:


==========================
CONDITION EVALUATION DELTA
==========================


Positive matches:
-----------------

   SpringBootWebSecurityConfiguration.SecurityFilterChainConfiguration matched:
      - AllNestedConditions 2 matched 0 did not; NestedCondition on DefaultWebSecurityCondition.Beans @ConditionalOnMissingBean (types: org.springframework.security.web.SecurityFilterChain; SearchStrategy: all) did not find any beans; NestedCondition on DefaultWebSecurityCondition.Classes @ConditionalOnClass found required classes 'org.springframework.security.web.SecurityFilterChain', 'org.springframework.security.config.annotation.web.builders.HttpSecurity' (DefaultWebSecurityCondition)

   UserDetailsServiceAutoConfiguration matched:
      - @ConditionalOnClass found required class 'org.springframework.security.authentication.AuthenticationManager' (OnClassCondition)
      - found 'session' scope (OnWebApplicationCondition)
      - AnyNestedCondition 1 matched 2 did not; NestedCondition on UserDetailsServiceAutoConfiguration.MissingAlternativeOrUserPropertiesConfigured.PasswordConfigured @ConditionalOnProperty (spring.security.user.password) did not find property 'spring.security.user.password'; NestedCondition on UserDetailsServiceAutoConfiguration.MissingAlternativeOrUserPropertiesConfigured.NameConfigured @ConditionalOnProperty (spring.security.user.name) did not find property 'spring.security.user.name'; NestedCondition on UserDetailsServiceAutoConfiguration.MissingAlternativeOrUserPropertiesConfigured.MissingAlternative @ConditionalOnMissingClass did not find unwanted classes 'org.springframework.security.oauth2.client.registration.ClientRegistrationRepository', 'org.springframework.security.oauth2.server.resource.introspection.OpaqueTokenIntrospector', 'org.springframework.security.saml2.provider.service.registration.RelyingPartyRegistrationRepository' (UserDetailsServiceAutoConfiguration.MissingAlternativeOrUserPropertiesConfigured)
      - @ConditionalOnBean (types: org.springframework.security.config.ObjectPostProcessor; SearchStrategy: all) found beans 'objectPostProcessor', 'webAuthorizationManagerPostProcessor', 'filterChainDecoratorPostProcessor', 'authenticationManagerPostProcessor'; @ConditionalOnMissingBean (types: org.springframework.security.authentication.AuthenticationManager,org.springframework.security.authentication.AuthenticationProvider,org.springframework.security.core.userdetails.UserDetailsService,org.springframework.security.authentication.AuthenticationManagerResolver,org.springframework.security.oauth2.jwt.JwtDecoder; SearchStrategy: all) did not find any beans (OnBeanCondition)


Negative matches:
-----------------

    None


Exclusions:
-----------

    None


Unconditional classes:
----------------------

    None



2026-05-26T10:29:48.538+05:30  INFO 32720 --- [ordermanagement] [File Watcher] rtingClassPathChangeChangedEventListener : Restarting due to 68 class path changes (68 additions, 0 deletions, 0 modifications)
2026-05-26T10:29:48.540+05:30  INFO 32720 --- [ordermanagement] [Thread-47] o.s.b.w.e.tomcat.GracefulShutdown        : Commencing graceful shutdown. Waiting for active requests to complete
2026-05-26T10:29:48.552+05:30  INFO 32720 --- [ordermanagement] [tomcat-shutdown] o.s.b.w.e.tomcat.GracefulShutdown        : Graceful shutdown complete
2026-05-26T10:29:48.556+05:30  INFO 32720 --- [ordermanagement] [Thread-47] j.LocalContainerEntityManagerFactoryBean : Closing JPA EntityManagerFactory for persistence unit 'default'
2026-05-26T10:29:48.557+05:30  INFO 32720 --- [ordermanagement] [Thread-47] com.zaxxer.hikari.HikariDataSource       : HikariPool-12 - Shutdown initiated...
2026-05-26T10:29:48.560+05:30  INFO 32720 --- [ordermanagement] [Thread-47] com.zaxxer.hikari.HikariDataSource       : HikariPool-12 - Shutdown completed.
2026-05-26T10:29:48.730+05:30  INFO 32720 --- [ordermanagement] [restartedMain] c.e.o.OrdermanagementApplication         : Starting OrdermanagementApplication using Java 21.0.9 with PID 32720 (C:\disk to store work\ASSESSMENT\ordermanagement\target\classes started by adity in C:\disk to store work\ASSESSMENT\ordermanagement)
2026-05-26T10:29:48.734+05:30  INFO 32720 --- [ordermanagement] [restartedMain] c.e.o.OrdermanagementApplication         : No active profile set, falling back to 1 default profile: "default"
2026-05-26T10:29:49.361+05:30  INFO 32720 --- [ordermanagement] [restartedMain] .s.d.r.c.RepositoryConfigurationDelegate : Bootstrapping Spring Data JPA repositories in DEFAULT mode.
2026-05-26T10:29:49.500+05:30  INFO 32720 --- [ordermanagement] [restartedMain] .s.d.r.c.RepositoryConfigurationDelegate : Finished Spring Data repository scanning in 137 ms. Found 8 JPA repository interfaces.
2026-05-26T10:29:49.718+05:30  INFO 32720 --- [ordermanagement] [restartedMain] o.s.b.w.embedded.tomcat.TomcatWebServer  : Tomcat initialized with port 8008 (http)
2026-05-26T10:29:49.719+05:30  INFO 32720 --- [ordermanagement] [restartedMain] o.apache.catalina.core.StandardService   : Starting service [Tomcat]
2026-05-26T10:29:49.720+05:30  INFO 32720 --- [ordermanagement] [restartedMain] o.apache.catalina.core.StandardEngine    : Starting Servlet engine: [Apache Tomcat/10.1.54]
2026-05-26T10:29:49.767+05:30  INFO 32720 --- [ordermanagement] [restartedMain] o.a.c.c.C.[Tomcat].[localhost].[/]       : Initializing Spring embedded WebApplicationContext
2026-05-26T10:29:49.768+05:30  INFO 32720 --- [ordermanagement] [restartedMain] w.s.c.ServletWebServerApplicationContext : Root WebApplicationContext: initialization completed in 1028 ms
2026-05-26T10:29:49.866+05:30  INFO 32720 --- [ordermanagement] [restartedMain] o.hibernate.jpa.internal.util.LogHelper  : HHH000204: Processing PersistenceUnitInfo [name: default]
2026-05-26T10:29:49.873+05:30  INFO 32720 --- [ordermanagement] [restartedMain] o.h.c.internal.RegionFactoryInitiator    : HHH000026: Second-level cache disabled
2026-05-26T10:29:49.896+05:30  INFO 32720 --- [ordermanagement] [restartedMain] o.s.o.j.p.SpringPersistenceUnitInfo      : No LoadTimeWeaver setup: ignoring JPA class transformer
2026-05-26T10:29:49.899+05:30  INFO 32720 --- [ordermanagement] [restartedMain] com.zaxxer.hikari.HikariDataSource       : HikariPool-13 - Starting...
2026-05-26T10:29:49.959+05:30  INFO 32720 --- [ordermanagement] [restartedMain] com.zaxxer.hikari.pool.HikariPool        : HikariPool-13 - Added connection org.postgresql.jdbc.PgConnection@5c0ae07
2026-05-26T10:29:49.961+05:30  INFO 32720 --- [ordermanagement] [restartedMain] com.zaxxer.hikari.HikariDataSource       : HikariPool-13 - Start completed.
2026-05-26T10:29:49.970+05:30  WARN 32720 --- [ordermanagement] [restartedMain] org.hibernate.orm.deprecation            : HHH90000025: PostgreSQLDialect does not need to be specified explicitly using 'hibernate.dialect' (remove the property setting and it will be selected by default)
2026-05-26T10:29:49.972+05:30  INFO 32720 --- [ordermanagement] [restartedMain] org.hibernate.orm.connections.pooling    : HHH10001005: Database info:
	Database JDBC URL [Connecting through datasource 'HikariDataSource (HikariPool-13)']
	Database driver: undefined/unknown
	Database version: 17.7
	Autocommit mode: undefined/unknown
	Isolation level: undefined/unknown
	Minimum pool size: undefined/unknown
	Maximum pool size: undefined/unknown
2026-05-26T10:29:50.663+05:30  INFO 32720 --- [ordermanagement] [restartedMain] o.h.e.t.j.p.i.JtaPlatformInitiator       : HHH000489: No JTA platform available (set 'hibernate.transaction.jta.platform' to enable JTA platform integration)
2026-05-26T10:29:50.741+05:30  INFO 32720 --- [ordermanagement] [restartedMain] j.LocalContainerEntityManagerFactoryBean : Initialized JPA EntityManagerFactory for persistence unit 'default'
2026-05-26T10:29:51.074+05:30  INFO 32720 --- [ordermanagement] [restartedMain] eAuthenticationProviderManagerConfigurer : Global AuthenticationManager configured with AuthenticationProvider bean with name authenticationProvider
2026-05-26T10:29:51.075+05:30  WARN 32720 --- [ordermanagement] [restartedMain] r$InitializeUserDetailsManagerConfigurer : Global AuthenticationManager configured with an AuthenticationProvider bean. UserDetailsService beans will not be used by Spring Security for automatically configuring username/password login. Consider removing the AuthenticationProvider bean. Alternatively, consider using the UserDetailsService in a manually instantiated DaoAuthenticationProvider. If the current configuration is intentional, to turn off this warning, increase the logging level of 'org.springframework.security.config.annotation.authentication.configuration.InitializeUserDetailsBeanManagerConfigurer' to ERROR
2026-05-26T10:29:51.526+05:30  WARN 32720 --- [ordermanagement] [restartedMain] JpaBaseConfiguration$JpaWebConfiguration : spring.jpa.open-in-view is enabled by default. Therefore, database queries may be performed during view rendering. Explicitly configure spring.jpa.open-in-view to disable this warning
2026-05-26T10:29:51.976+05:30  INFO 32720 --- [ordermanagement] [restartedMain] o.s.b.d.a.OptionalLiveReloadServer       : LiveReload server is running on port 35729
2026-05-26T10:29:51.994+05:30  INFO 32720 --- [ordermanagement] [restartedMain] o.s.b.w.embedded.tomcat.TomcatWebServer  : Tomcat started on port 8008 (http) with context path '/'
2026-05-26T10:29:52.001+05:30  INFO 32720 --- [ordermanagement] [restartedMain] c.e.o.OrdermanagementApplication         : Started OrdermanagementApplication in 3.345 seconds (process running for 432326.746)
2026-05-26T10:29:52.001+05:30  WARN 32720 --- [ordermanagement] [restartedMain] o.s.core.events.SpringDocAppInitializer  : SpringDoc /v3/api-docs endpoint is enabled by default. To disable it in production, set the property 'springdoc.api-docs.enabled=false'
2026-05-26T10:29:52.003+05:30  WARN 32720 --- [ordermanagement] [restartedMain] o.s.core.events.SpringDocAppInitializer  : SpringDoc /swagger-ui.html endpoint is enabled by default. To disable it in production, set the property 'springdoc.swagger-ui.enabled=false'
2026-05-26T10:29:52.004+05:30  INFO 32720 --- [ordermanagement] [restartedMain] .ConditionEvaluationDeltaLoggingListener : Condition evaluation delta:


==========================
CONDITION EVALUATION DELTA
==========================


Positive matches:
-----------------

    None


Negative matches:
-----------------

   SpringBootWebSecurityConfiguration.SecurityFilterChainConfiguration:
      Did not match:
         - AllNestedConditions 1 matched 1 did not; NestedCondition on DefaultWebSecurityCondition.Beans @ConditionalOnMissingBean (types: org.springframework.security.web.SecurityFilterChain; SearchStrategy: all) found beans of type 'org.springframework.security.web.SecurityFilterChain' securityFilterChain; NestedCondition on DefaultWebSecurityCondition.Classes @ConditionalOnClass found required classes 'org.springframework.security.web.SecurityFilterChain', 'org.springframework.security.config.annotation.web.builders.HttpSecurity' (DefaultWebSecurityCondition)

   UserDetailsServiceAutoConfiguration:
      Did not match:
         - @ConditionalOnMissingBean (types: org.springframework.security.authentication.AuthenticationManager,org.springframework.security.authentication.AuthenticationProvider,org.springframework.security.core.userdetails.UserDetailsService,org.springframework.security.authentication.AuthenticationManagerResolver,org.springframework.security.oauth2.jwt.JwtDecoder; SearchStrategy: all) found beans of type 'org.springframework.security.authentication.AuthenticationManager' authenticationManager and found beans of type 'org.springframework.security.core.userdetails.UserDetailsService' customUserDetailsService and found beans of type 'org.springframework.security.authentication.AuthenticationProvider' authenticationProvider (OnBeanCondition)
      Matched:
         - @ConditionalOnClass found required class 'org.springframework.security.authentication.AuthenticationManager' (OnClassCondition)
         - found 'session' scope (OnWebApplicationCondition)
         - AnyNestedCondition 1 matched 2 did not; NestedCondition on UserDetailsServiceAutoConfiguration.MissingAlternativeOrUserPropertiesConfigured.PasswordConfigured @ConditionalOnProperty (spring.security.user.password) did not find property 'spring.security.user.password'; NestedCondition on UserDetailsServiceAutoConfiguration.MissingAlternativeOrUserPropertiesConfigured.NameConfigured @ConditionalOnProperty (spring.security.user.name) did not find property 'spring.security.user.name'; NestedCondition on UserDetailsServiceAutoConfiguration.MissingAlternativeOrUserPropertiesConfigured.MissingAlternative @ConditionalOnMissingClass did not find unwanted classes 'org.springframework.security.oauth2.client.registration.ClientRegistrationRepository', 'org.springframework.security.oauth2.server.resource.introspection.OpaqueTokenIntrospector', 'org.springframework.security.saml2.provider.service.registration.RelyingPartyRegistrationRepository' (UserDetailsServiceAutoConfiguration.MissingAlternativeOrUserPropertiesConfigured)


Exclusions:
-----------

    None


Unconditional classes:
----------------------

    None



2026-05-26T10:29:54.104+05:30  INFO 32236 --- [ordermanagement] [main] c.e.o.OrdermanagementApplicationTests    : Starting OrdermanagementApplicationTests using Java 21.0.9 with PID 32236 (started by adity in C:\disk to store work\ASSESSMENT\ordermanagement)
2026-05-26T10:29:54.107+05:30  INFO 32236 --- [ordermanagement] [main] c.e.o.OrdermanagementApplicationTests    : No active profile set, falling back to 1 default profile: "default"
2026-05-26T10:29:57.713+05:30  INFO 32236 --- [ordermanagement] [main] .s.d.r.c.RepositoryConfigurationDelegate : Bootstrapping Spring Data JPA repositories in DEFAULT mode.
2026-05-26T10:29:58.124+05:30  INFO 32236 --- [ordermanagement] [main] .s.d.r.c.RepositoryConfigurationDelegate : Finished Spring Data repository scanning in 362 ms. Found 8 JPA repository interfaces.
2026-05-26T10:30:00.775+05:30  INFO 32236 --- [ordermanagement] [main] o.hibernate.jpa.internal.util.LogHelper  : HHH000204: Processing PersistenceUnitInfo [name: default]
2026-05-26T10:30:01.107+05:30  INFO 32236 --- [ordermanagement] [main] org.hibernate.Version                    : HHH000412: Hibernate ORM core version 6.6.49.Final
2026-05-26T10:30:01.249+05:30  INFO 32236 --- [ordermanagement] [main] o.h.c.internal.RegionFactoryInitiator    : HHH000026: Second-level cache disabled
2026-05-26T10:30:02.610+05:30  INFO 32236 --- [ordermanagement] [main] o.s.o.j.p.SpringPersistenceUnitInfo      : No LoadTimeWeaver setup: ignoring JPA class transformer
2026-05-26T10:30:02.762+05:30  INFO 32236 --- [ordermanagement] [main] com.zaxxer.hikari.HikariDataSource       : HikariPool-1 - Starting...
2026-05-26T10:30:03.417+05:30  INFO 32236 --- [ordermanagement] [main] com.zaxxer.hikari.pool.HikariPool        : HikariPool-1 - Added connection org.postgresql.jdbc.PgConnection@5d22604e
2026-05-26T10:30:03.422+05:30  INFO 32236 --- [ordermanagement] [main] com.zaxxer.hikari.HikariDataSource       : HikariPool-1 - Start completed.
2026-05-26T10:30:03.512+05:30  WARN 32236 --- [ordermanagement] [main] org.hibernate.orm.deprecation            : HHH90000025: PostgreSQLDialect does not need to be specified explicitly using 'hibernate.dialect' (remove the property setting and it will be selected by default)
2026-05-26T10:30:03.564+05:30  INFO 32236 --- [ordermanagement] [main] org.hibernate.orm.connections.pooling    : HHH10001005: Database info:
	Database JDBC URL [Connecting through datasource 'HikariDataSource (HikariPool-1)']
	Database driver: undefined/unknown
	Database version: 17.7
	Autocommit mode: undefined/unknown
	Isolation level: undefined/unknown
	Minimum pool size: undefined/unknown
	Maximum pool size: undefined/unknown
2026-05-26T10:30:07.073+05:30  INFO 32236 --- [ordermanagement] [main] o.h.e.t.j.p.i.JtaPlatformInitiator       : HHH000489: No JTA platform available (set 'hibernate.transaction.jta.platform' to enable JTA platform integration)
2026-05-26T10:30:07.177+05:30  INFO 32236 --- [ordermanagement] [main] j.LocalContainerEntityManagerFactoryBean : Initialized JPA EntityManagerFactory for persistence unit 'default'
2026-05-26T10:30:08.195+05:30  INFO 32236 --- [ordermanagement] [main] eAuthenticationProviderManagerConfigurer : Global AuthenticationManager configured with AuthenticationProvider bean with name authenticationProvider
2026-05-26T10:30:08.197+05:30  WARN 32236 --- [ordermanagement] [main] r$InitializeUserDetailsManagerConfigurer : Global AuthenticationManager configured with an AuthenticationProvider bean. UserDetailsService beans will not be used by Spring Security for automatically configuring username/password login. Consider removing the AuthenticationProvider bean. Alternatively, consider using the UserDetailsService in a manually instantiated DaoAuthenticationProvider. If the current configuration is intentional, to turn off this warning, increase the logging level of 'org.springframework.security.config.annotation.authentication.configuration.InitializeUserDetailsBeanManagerConfigurer' to ERROR
2026-05-26T10:30:09.069+05:30  WARN 32236 --- [ordermanagement] [main] JpaBaseConfiguration$JpaWebConfiguration : spring.jpa.open-in-view is enabled by default. Therefore, database queries may be performed during view rendering. Explicitly configure spring.jpa.open-in-view to disable this warning
2026-05-26T10:30:11.630+05:30  INFO 32236 --- [ordermanagement] [main] c.e.o.OrdermanagementApplicationTests    : Started OrdermanagementApplicationTests in 18.203 seconds (process running for 19.906)
2026-05-26T10:30:11.642+05:30  WARN 32236 --- [ordermanagement] [main] o.s.core.events.SpringDocAppInitializer  : SpringDoc /v3/api-docs endpoint is enabled by default. To disable it in production, set the property 'springdoc.api-docs.enabled=false'
2026-05-26T10:30:11.642+05:30  WARN 32236 --- [ordermanagement] [main] o.s.core.events.SpringDocAppInitializer  : SpringDoc /swagger-ui.html endpoint is enabled by default. To disable it in production, set the property 'springdoc.swagger-ui.enabled=false'
2026-05-26T10:30:12.578+05:30  INFO 32236 --- [ordermanagement] [SpringApplicationShutdownHook] j.LocalContainerEntityManagerFactoryBean : Closing JPA EntityManagerFactory for persistence unit 'default'
2026-05-26T10:30:12.594+05:30  INFO 32236 --- [ordermanagement] [SpringApplicationShutdownHook] com.zaxxer.hikari.HikariDataSource       : HikariPool-1 - Shutdown initiated...
2026-05-26T10:30:12.604+05:30  INFO 32236 --- [ordermanagement] [SpringApplicationShutdownHook] com.zaxxer.hikari.HikariDataSource       : HikariPool-1 - Shutdown completed.
